<?xml version="1.0" encoding="UTF-8"?>
<testng-results ignored="0" total="1" passed="1" failed="0" skipped="0">
  <reporter-output>
  </reporter-output>
  <suite started-at="2026-08-27T10:51:10 IST" name="Suite" finished-at="2026-08-27T10:51:10 IST" duration-ms="63">
    <groups>
      <group name="smoke">
        <method signature="demoTest.addTest()[pri:0, instance:Demo.demoTest@4fb61f4a]" name="addTest" class="Demo.demoTest"/>
      </group> <!-- smoke -->
    </groups>
    <test started-at="2026-08-27T10:51:10 IST" name="Test" finished-at="2026-08-27T10:51:10 IST" duration-ms="63">
      <class name="Demo.demoTest">
        <test-method signature="addTest()[pri:0, instance:Demo.demoTest@4fb61f4a]" started-at="2026-08-27T10:51:10 IST" name="addTest" finished-at="2026-08-27T10:51:10 IST" duration-ms="8" status="PASS">
          <reporter-output>
          </reporter-output>
        </test-method> <!-- addTest -->
      </class> <!-- Demo.demoTest -->
    </test> <!-- Test -->
  </suite> <!-- Suite -->
</testng-results>
